[debug] [2022-07-19T09:27:47.150Z] ----------------------------------------------------------------------
[debug] [2022-07-19T09:27:47.152Z] Command:       C:\Program Files\nodejs\node.exe C:\Users\Krish thakur\AppData\Roaming\npm\node_modules\firebase-tools\lib\bin\firebase.js init
[debug] [2022-07-19T09:27:47.152Z] CLI Version:   11.3.0
[debug] [2022-07-19T09:27:47.153Z] Platform:      win32
[debug] [2022-07-19T09:27:47.153Z] Node Version:  v18.6.0
[debug] [2022-07-19T09:27:47.153Z] Time:          Tue Jul 19 2022 14:57:47 GMT+0530 (India Standard Time)
[debug] [2022-07-19T09:27:47.154Z] ----------------------------------------------------------------------
[debug] 
[debug] [2022-07-19T09:27:47.216Z] > command requires scopes: ["email","openid","https://www.googleapis.com/auth/cloudplatformprojects.readonly","https://www.googleapis.com/auth/firebase","https://www.googleapis.com/auth/cloud-platform"]
[debug] [2022-07-19T09:27:47.217Z] > authorizing via signed-in user (ronit2001krish@gmail.com)
[info] 
     ######## #### ########  ######## ########     ###     ######  ########
     ##        ##  ##     ## ##       ##     ##  ##   ##  ##       ##
     ######    ##  ########  ######   ########  #########  ######  ######
     ##        ##  ##    ##  ##       ##     ## ##     ##       ## ##
     ##       #### ##     ## ######## ########  ##     ##  ######  ########

You're about to initialize a Firebase project in this directory:

  C:\Users\Krish thakur

Before we get started, keep in mind:

  * You are initializing within an existing Firebase project directory

[info] 
=== Project Setup
[info] 
[info] First, let's associate this project directory with a Firebase project.
[info] You can create multiple project aliases by running firebase use --add, 
[info] but for now we'll just set up a default project.
[info] 
[debug] [2022-07-19T09:27:52.125Z] Using project from CLI flag: hastag-3b6eb
[debug] [2022-07-19T09:27:52.127Z] >>> [apiv2][query] GET https://firebase.googleapis.com/v1beta1/projects/hastag-3b6eb [none]
[debug] [2022-07-19T09:27:52.702Z] <<< [apiv2][status] GET https://firebase.googleapis.com/v1beta1/projects/hastag-3b6eb 200
[debug] [2022-07-19T09:27:52.703Z] <<< [apiv2][body] GET https://firebase.googleapis.com/v1beta1/projects/hastag-3b6eb {"projectId":"hastag-3b6eb","projectNumber":"105832634320","displayName":"HASTAG","name":"projects/hastag-3b6eb","resources":{"hostingSite":"hastag-3b6eb"},"state":"ACTIVE"}
[info] i  Using project hastag-3b6eb (HASTAG) 
[info] 
=== Hosting Setup
[info] 
[info] Your public directory is the folder (relative to your project directory) that
[info] will contain Hosting assets to be uploaded with firebase deploy. If you
[info] have a build process for your assets, use your build's output directory.
[info] 
[debug] [2022-07-19T09:28:35.376Z] >>> [apiv2][query] GET https://www.gstatic.com/firebasejs/releases.json [none]
[debug] [2022-07-19T09:28:35.548Z] <<< [apiv2][status] GET https://www.gstatic.com/firebasejs/releases.json 200
[debug] [2022-07-19T09:28:35.548Z] <<< [apiv2][body] GET https://www.gstatic.com/firebasejs/releases.json {"current":{"version":"9.9.0","browserURL":"https://www.gstatic.com/firebasejs/9.9.0/firebase.js","packageURL":"https://www.gstatic.com/firebasejs/9.9.0/firebase.tgz"},"live":{"version":"9.9","browserURL":"https://www.gstatic.com/firebasejs/live/9.9/firebase.js","packageURL":"https://www.gstatic.com/firebasejs/live/9.9/firebase.tgz"},"components":{"analytics":"https://www.gstatic.com/firebasejs/9.9.0/firebase-analytics.js","app":"https://www.gstatic.com/firebasejs/9.9.0/firebase-app.js","app-check":"https://www.gstatic.com/firebasejs/9.9.0/firebase-app-check.js","auth":"https://www.gstatic.com/firebasejs/9.9.0/firebase-auth.js","auth/cordova":"https://www.gstatic.com/firebasejs/9.9.0/firebase-auth/cordova.js","auth/react-native":"https://www.gstatic.com/firebasejs/9.9.0/firebase-auth/react-native.js","functions":"https://www.gstatic.com/firebasejs/9.9.0/firebase-functions.js","firestore":"https://www.gstatic.com/firebasejs/9.9.0/firebase-firestore.js","firestore/lite":"https://www.gstatic.com/firebasejs/9.9.0/firebase-firestore/lite.js","installations":"https://www.gstatic.com/firebasejs/9.9.0/firebase-installations.js","storage":"https://www.gstatic.com/firebasejs/9.9.0/firebase-storage.js","performance":"https://www.gstatic.com/firebasejs/9.9.0/firebase-performance.js","remote-config":"https://www.gstatic.com/firebasejs/9.9.0/firebase-remote-config.js","messaging":"https://www.gstatic.com/firebasejs/9.9.0/firebase-messaging.js","messaging/sw":"https://www.gstatic.com/firebasejs/9.9.0/firebase-messaging/sw.js","database":"https://www.gstatic.com/firebasejs/9.9.0/firebase-database.js","firestore.memory":"https://www.gstatic.com/firebasejs/9.9.0/firebase-firestore.memory.js"}}
[info] +  Wrote public/index.html 
[info] 
[info] i  Didn't detect a .git folder. Assuming C:\Users\Krish thakur\Desktop\hashtag-main is the project root. 
[info] i  Authorizing with GitHub to upload your service account to a GitHub repository's secrets store. 
[info] 
[info] Visit this URL on this device to log in:
[info] https://github.com/login/oauth/authorize?client_id=89cf50f02ac6aaed3484&state=452749819&redirect_uri=http%3A%2F%2Flocalhost%3A9005&scope=read%3Auser%20repo%20public_repo
[info] 
[info] Waiting for authentication...
[debug] [2022-07-19T09:28:43.687Z] >>> [apiv2][query] POST https://github.com/login/oauth/access_token [none]
[debug] [2022-07-19T09:28:43.687Z] >>> [apiv2][body] POST https://github.com/login/oauth/access_token [stream]
[debug] [2022-07-19T09:28:44.067Z] <<< [apiv2][status] POST https://github.com/login/oauth/access_token 200
[debug] [2022-07-19T09:28:44.067Z] <<< [apiv2][body] POST https://github.com/login/oauth/access_token {"access_token":"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","token_type":"bearer","scope":"read:user,repo"}
[debug] [2022-07-19T09:28:44.079Z] >>> [apiv2][query] GET https://api.github.com/user [none]
[debug] [2022-07-19T09:28:44.464Z] <<< [apiv2][status] GET https://api.github.com/user 200
[debug] [2022-07-19T09:28:44.464Z] <<< [apiv2][body] GET https://api.github.com/user {"login":"ronitsingh2001","id":61588179,"node_id":"MDQ6VXNlcjYxNTg4MTc5","avatar_url":"https://avatars.githubusercontent.com/u/61588179?v=4","gravatar_id":"","url":"https://api.github.com/users/ronitsingh2001","html_url":"https://github.com/ronitsingh2001","followers_url":"https://api.github.com/users/ronitsingh2001/followers","following_url":"https://api.github.com/users/ronitsingh2001/following{/other_user}","gists_url":"https://api.github.com/users/ronitsingh2001/gists{/gist_id}","starred_url":"https://api.github.com/users/ronitsingh2001/starred{/owner}{/repo}","subscriptions_url":"https://api.github.com/users/ronitsingh2001/subscriptions","organizations_url":"https://api.github.com/users/ronitsingh2001/orgs","repos_url":"https://api.github.com/users/ronitsingh2001/repos","events_url":"https://api.github.com/users/ronitsingh2001/events{/privacy}","received_events_url":"https://api.github.com/users/ronitsingh2001/received_events","type":"User","site_admin":false,"name":"ronit singh","company":null,"blog":"","location":null,"email":null,"hireable":null,"bio":null,"twitter_username":null,"public_repos":12,"public_gists":0,"followers":0,"following":2,"created_at":"2020-02-28T13:07:15Z","updated_at":"2022-07-19T09:28:39Z","private_gists":0,"total_private_repos":4,"owned_private_repos":0,"disk_usage":15484,"collaborators":0,"two_factor_authentication":false,"plan":{"name":"pro","space":976562499,"collaborators":0,"private_repos":9999}}
[info] 
[info] +  Success! Logged into GitHub as ronitsingh2001 
[info] 
[debug] [2022-07-19T09:30:33.565Z] >>> [apiv2][query] GET https://api.github.com/repos/ronitsingh2001/HASTAG-spa/actions/secrets/public-key type=owner
[debug] [2022-07-19T09:30:33.985Z] <<< [apiv2][status] GET https://api.github.com/repos/ronitsingh2001/HASTAG-spa/actions/secrets/public-key 404
[debug] [2022-07-19T09:30:33.986Z] <<< [apiv2][body] GET https://api.github.com/repos/ronitsingh2001/HASTAG-spa/actions/secrets/public-key {"message":"Not Found","documentation_url":"https://docs.github.com/rest/reference/actions#get-a-repository-public-key"}
[debug] [2022-07-19T09:30:36.833Z] >>> [apiv2][query] GET https://api.github.com/repos/ronitsingh2001/HASTAG-spa/actions/secrets/public-key type=owner
[debug] [2022-07-19T09:30:37.161Z] <<< [apiv2][status] GET https://api.github.com/repos/ronitsingh2001/HASTAG-spa/actions/secrets/public-key 404
[debug] [2022-07-19T09:30:37.161Z] <<< [apiv2][body] GET https://api.github.com/repos/ronitsingh2001/HASTAG-spa/actions/secrets/public-key {"message":"Not Found","documentation_url":"https://docs.github.com/rest/reference/actions#get-a-repository-public-key"}
[debug] [2022-07-19T09:30:47.077Z] >>> [apiv2][query] GET https://api.github.com/repos/ronitsingh2001/HASTAG-spa/actions/secrets/public-key type=owner
[debug] [2022-07-19T09:30:47.236Z] >>> [apiv2][query] GET https://api.github.com/repos//actions/secrets/public-key type=owner
[debug] [2022-07-19T09:30:47.392Z] >>> [apiv2][query] GET https://api.github.com/repos//actions/secrets/public-key type=owner
[debug] [2022-07-19T09:30:47.427Z] <<< [apiv2][status] GET https://api.github.com/repos/ronitsingh2001/HASTAG-spa/actions/secrets/public-key 404
[debug] [2022-07-19T09:30:47.427Z] <<< [apiv2][body] GET https://api.github.com/repos/ronitsingh2001/HASTAG-spa/actions/secrets/public-key {"message":"Not Found","documentation_url":"https://docs.github.com/rest/reference/actions#get-a-repository-public-key"}
[debug] [2022-07-19T09:30:47.548Z] >>> [apiv2][query] GET https://api.github.com/repos/ronitsingh2001/HASTAG-spa/actions/secrets/public-key type=owner
[debug] [2022-07-19T09:30:47.552Z] <<< [apiv2][status] GET https://api.github.com/repos//actions/secrets/public-key 404
[debug] [2022-07-19T09:30:47.552Z] <<< [apiv2][body] GET https://api.github.com/repos//actions/secrets/public-key {"message":"Not Found","documentation_url":"https://docs.github.com/rest"}
[debug] [2022-07-19T09:30:47.705Z] <<< [apiv2][status] GET https://api.github.com/repos//actions/secrets/public-key 404
[debug] [2022-07-19T09:30:47.705Z] <<< [apiv2][body] GET https://api.github.com/repos//actions/secrets/public-key {"message":"Not Found","documentation_url":"https://docs.github.com/rest"}
[debug] [2022-07-19T09:30:47.836Z] >>> [apiv2][query] GET https://api.github.com/repos//actions/secrets/public-key type=owner
[debug] [2022-07-19T09:30:47.875Z] <<< [apiv2][status] GET https://api.github.com/repos/ronitsingh2001/HASTAG-spa/actions/secrets/public-key 404
[debug] [2022-07-19T09:30:47.875Z] <<< [apiv2][body] GET https://api.github.com/repos/ronitsingh2001/HASTAG-spa/actions/secrets/public-key {"message":"Not Found","documentation_url":"https://docs.github.com/rest/reference/actions#get-a-repository-public-key"}
[debug] [2022-07-19T09:30:48.202Z] <<< [apiv2][status] GET https://api.github.com/repos//actions/secrets/public-key 404
[debug] [2022-07-19T09:30:48.202Z] <<< [apiv2][body] GET https://api.github.com/repos//actions/secrets/public-key {"message":"Not Found","documentation_url":"https://docs.github.com/rest"}
[debug] [2022-07-19T09:30:48.448Z] >>> [apiv2][query] GET https://api.github.com/repos/ronitsingh2001/HASTAG-spa/actions/secrets/public-key type=owner
[debug] [2022-07-19T09:30:48.817Z] <<< [apiv2][status] GET https://api.github.com/repos/ronitsingh2001/HASTAG-spa/actions/secrets/public-key 404
[debug] [2022-07-19T09:30:48.817Z] <<< [apiv2][body] GET https://api.github.com/repos/ronitsingh2001/HASTAG-spa/actions/secrets/public-key {"message":"Not Found","documentation_url":"https://docs.github.com/rest/reference/actions#get-a-repository-public-key"}
[debug] [2022-07-19T09:30:48.972Z] >>> [apiv2][query] GET https://api.github.com/repos/ronitsingh2001/HASTAG-spa/actions/secrets/public-key type=owner
[debug] [2022-07-19T09:30:49.136Z] >>> [apiv2][query] GET https://api.github.com/repos//actions/secrets/public-key type=owner
[debug] [2022-07-19T09:30:49.300Z] <<< [apiv2][status] GET https://api.github.com/repos/ronitsingh2001/HASTAG-spa/actions/secrets/public-key 404
[debug] [2022-07-19T09:30:49.300Z] <<< [apiv2][body] GET https://api.github.com/repos/ronitsingh2001/HASTAG-spa/actions/secrets/public-key {"message":"Not Found","documentation_url":"https://docs.github.com/rest/reference/actions#get-a-repository-public-key"}
[debug] [2022-07-19T09:30:49.530Z] <<< [apiv2][status] GET https://api.github.com/repos//actions/secrets/public-key 404
[debug] [2022-07-19T09:30:49.530Z] <<< [apiv2][body] GET https://api.github.com/repos//actions/secrets/public-key {"message":"Not Found","documentation_url":"https://docs.github.com/rest"}
[debug] [2022-07-19T09:30:55.307Z] >>> [apiv2][query] GET https://api.github.com/repos/ronitsingh2001/HASTAG-spa/actions/secrets/public-key type=owner
[debug] [2022-07-19T09:30:55.643Z] <<< [apiv2][status] GET https://api.github.com/repos/ronitsingh2001/HASTAG-spa/actions/secrets/public-key 404
[debug] [2022-07-19T09:30:55.643Z] <<< [apiv2][body] GET https://api.github.com/repos/ronitsingh2001/HASTAG-spa/actions/secrets/public-key {"message":"Not Found","documentation_url":"https://docs.github.com/rest/reference/actions#get-a-repository-public-key"}
[debug] [2022-07-19T09:30:59.480Z] >>> [apiv2][query] GET https://api.github.com/repos/ronitsingh2001/HASTAG-spa/actions/secrets/public-key type=owner
[debug] [2022-07-19T09:30:59.876Z] <<< [apiv2][status] GET https://api.github.com/repos/ronitsingh2001/HASTAG-spa/actions/secrets/public-key 404
[debug] [2022-07-19T09:30:59.876Z] <<< [apiv2][body] GET https://api.github.com/repos/ronitsingh2001/HASTAG-spa/actions/secrets/public-key {"message":"Not Found","documentation_url":"https://docs.github.com/rest/reference/actions#get-a-repository-public-key"}
